{"/home/amm/repos/Battleship/dom.js": {"path":"/home/amm/repos/Battleship/dom.js","all":false,"statementMap":{"0":{"start":{"line":1,"column":0},"end":{"line":1,"column":0}}},"s":{"0":1},"branchMap":{},"b":{},"fnMap":{},"f":{}}
,"/home/amm/repos/Battleship/factories.js": {"path":"/home/amm/repos/Battleship/factories.js","all":false,"statementMap":{"0":{"start":{"line":1,"column":0},"end":{"line":1,"column":36}},"1":{"start":{"line":2,"column":0},"end":{"line":2,"column":0}},"2":{"start":{"line":3,"column":0},"end":{"line":3,"column":43}},"3":{"start":{"line":4,"column":0},"end":{"line":4,"column":30}},"4":{"start":{"line":5,"column":0},"end":{"line":5,"column":27}},"5":{"start":{"line":6,"column":0},"end":{"line":6,"column":28}},"6":{"start":{"line":7,"column":0},"end":{"line":7,"column":0}},"7":{"start":{"line":8,"column":0},"end":{"line":8,"column":39}},"8":{"start":{"line":9,"column":0},"end":{"line":9,"column":43}},"9":{"start":{"line":10,"column":0},"end":{"line":10,"column":40}},"10":{"start":{"line":11,"column":0},"end":{"line":11,"column":0}},"11":{"start":{"line":12,"column":0},"end":{"line":12,"column":33}},"12":{"start":{"line":13,"column":0},"end":{"line":13,"column":24}},"13":{"start":{"line":14,"column":0},"end":{"line":14,"column":42}},"14":{"start":{"line":15,"column":0},"end":{"line":15,"column":31}},"15":{"start":{"line":16,"column":0},"end":{"line":16,"column":9}},"16":{"start":{"line":17,"column":0},"end":{"line":17,"column":27}},"17":{"start":{"line":18,"column":0},"end":{"line":18,"column":5}},"18":{"start":{"line":19,"column":0},"end":{"line":19,"column":0}},"19":{"start":{"line":20,"column":0},"end":{"line":20,"column":11}},"20":{"start":{"line":21,"column":0},"end":{"line":21,"column":22}},"21":{"start":{"line":22,"column":0},"end":{"line":22,"column":20}},"22":{"start":{"line":23,"column":0},"end":{"line":23,"column":18}},"23":{"start":{"line":24,"column":0},"end":{"line":24,"column":12}},"24":{"start":{"line":25,"column":0},"end":{"line":25,"column":12}},"25":{"start":{"line":26,"column":0},"end":{"line":26,"column":5}},"26":{"start":{"line":27,"column":0},"end":{"line":27,"column":1}},"27":{"start":{"line":28,"column":0},"end":{"line":28,"column":0}},"28":{"start":{"line":29,"column":0},"end":{"line":29,"column":0}},"29":{"start":{"line":30,"column":0},"end":{"line":30,"column":32}},"30":{"start":{"line":31,"column":0},"end":{"line":31,"column":110}},"31":{"start":{"line":32,"column":0},"end":{"line":32,"column":33}},"32":{"start":{"line":33,"column":0},"end":{"line":33,"column":17}},"33":{"start":{"line":34,"column":0},"end":{"line":34,"column":34}},"34":{"start":{"line":35,"column":0},"end":{"line":35,"column":34}},"35":{"start":{"line":36,"column":0},"end":{"line":36,"column":34}},"36":{"start":{"line":37,"column":0},"end":{"line":37,"column":34}},"37":{"start":{"line":38,"column":0},"end":{"line":38,"column":34}},"38":{"start":{"line":39,"column":0},"end":{"line":39,"column":34}},"39":{"start":{"line":40,"column":0},"end":{"line":40,"column":34}},"40":{"start":{"line":41,"column":0},"end":{"line":41,"column":34}},"41":{"start":{"line":42,"column":0},"end":{"line":42,"column":34}},"42":{"start":{"line":43,"column":0},"end":{"line":43,"column":34}},"43":{"start":{"line":44,"column":0},"end":{"line":44,"column":5}},"44":{"start":{"line":45,"column":0},"end":{"line":45,"column":0}},"45":{"start":{"line":46,"column":0},"end":{"line":46,"column":51}},"46":{"start":{"line":47,"column":0},"end":{"line":47,"column":33}},"47":{"start":{"line":48,"column":0},"end":{"line":48,"column":0}},"48":{"start":{"line":49,"column":0},"end":{"line":49,"column":50}},"49":{"start":{"line":50,"column":0},"end":{"line":50,"column":42}},"50":{"start":{"line":51,"column":0},"end":{"line":51,"column":24}},"51":{"start":{"line":52,"column":0},"end":{"line":52,"column":22}},"52":{"start":{"line":53,"column":0},"end":{"line":53,"column":40}},"53":{"start":{"line":54,"column":0},"end":{"line":54,"column":43}},"54":{"start":{"line":55,"column":0},"end":{"line":55,"column":22}},"55":{"start":{"line":56,"column":0},"end":{"line":56,"column":22}},"56":{"start":{"line":57,"column":0},"end":{"line":57,"column":40}},"57":{"start":{"line":58,"column":0},"end":{"line":58,"column":43}},"58":{"start":{"line":59,"column":0},"end":{"line":59,"column":22}},"59":{"start":{"line":60,"column":0},"end":{"line":60,"column":22}},"60":{"start":{"line":61,"column":0},"end":{"line":61,"column":40}},"61":{"start":{"line":62,"column":0},"end":{"line":62,"column":43}},"62":{"start":{"line":63,"column":0},"end":{"line":63,"column":22}},"63":{"start":{"line":64,"column":0},"end":{"line":64,"column":22}},"64":{"start":{"line":65,"column":0},"end":{"line":65,"column":40}},"65":{"start":{"line":66,"column":0},"end":{"line":66,"column":43}},"66":{"start":{"line":67,"column":0},"end":{"line":67,"column":22}},"67":{"start":{"line":68,"column":0},"end":{"line":68,"column":22}},"68":{"start":{"line":69,"column":0},"end":{"line":69,"column":40}},"69":{"start":{"line":70,"column":0},"end":{"line":70,"column":43}},"70":{"start":{"line":71,"column":0},"end":{"line":71,"column":22}},"71":{"start":{"line":72,"column":0},"end":{"line":72,"column":22}},"72":{"start":{"line":73,"column":0},"end":{"line":73,"column":40}},"73":{"start":{"line":74,"column":0},"end":{"line":74,"column":43}},"74":{"start":{"line":75,"column":0},"end":{"line":75,"column":22}},"75":{"start":{"line":76,"column":0},"end":{"line":76,"column":22}},"76":{"start":{"line":77,"column":0},"end":{"line":77,"column":40}},"77":{"start":{"line":78,"column":0},"end":{"line":78,"column":43}},"78":{"start":{"line":79,"column":0},"end":{"line":79,"column":22}},"79":{"start":{"line":80,"column":0},"end":{"line":80,"column":22}},"80":{"start":{"line":81,"column":0},"end":{"line":81,"column":40}},"81":{"start":{"line":82,"column":0},"end":{"line":82,"column":43}},"82":{"start":{"line":83,"column":0},"end":{"line":83,"column":22}},"83":{"start":{"line":84,"column":0},"end":{"line":84,"column":22}},"84":{"start":{"line":85,"column":0},"end":{"line":85,"column":40}},"85":{"start":{"line":86,"column":0},"end":{"line":86,"column":43}},"86":{"start":{"line":87,"column":0},"end":{"line":87,"column":22}},"87":{"start":{"line":88,"column":0},"end":{"line":88,"column":22}},"88":{"start":{"line":89,"column":0},"end":{"line":89,"column":40}},"89":{"start":{"line":90,"column":0},"end":{"line":90,"column":43}},"90":{"start":{"line":91,"column":0},"end":{"line":91,"column":22}},"91":{"start":{"line":92,"column":0},"end":{"line":92,"column":9}},"92":{"start":{"line":93,"column":0},"end":{"line":93,"column":0}},"93":{"start":{"line":94,"column":0},"end":{"line":94,"column":5}},"94":{"start":{"line":95,"column":0},"end":{"line":95,"column":33}},"95":{"start":{"line":96,"column":0},"end":{"line":96,"column":0}},"96":{"start":{"line":97,"column":0},"end":{"line":97,"column":5}},"97":{"start":{"line":98,"column":0},"end":{"line":98,"column":33}},"98":{"start":{"line":99,"column":0},"end":{"line":99,"column":0}},"99":{"start":{"line":100,"column":0},"end":{"line":100,"column":5}},"100":{"start":{"line":101,"column":0},"end":{"line":101,"column":0}},"101":{"start":{"line":102,"column":0},"end":{"line":102,"column":11}},"102":{"start":{"line":103,"column":0},"end":{"line":103,"column":26}},"103":{"start":{"line":104,"column":0},"end":{"line":104,"column":17}},"104":{"start":{"line":105,"column":0},"end":{"line":105,"column":18}},"105":{"start":{"line":106,"column":0},"end":{"line":106,"column":22}},"106":{"start":{"line":107,"column":0},"end":{"line":107,"column":21}},"107":{"start":{"line":108,"column":0},"end":{"line":108,"column":5}},"108":{"start":{"line":109,"column":0},"end":{"line":109,"column":1}},"109":{"start":{"line":110,"column":0},"end":{"line":110,"column":0}},"110":{"start":{"line":111,"column":0},"end":{"line":111,"column":28}},"111":{"start":{"line":112,"column":0},"end":{"line":112,"column":41}},"112":{"start":{"line":113,"column":0},"end":{"line":113,"column":46}},"113":{"start":{"line":114,"column":0},"end":{"line":114,"column":1}},"114":{"start":{"line":115,"column":0},"end":{"line":115,"column":0}},"115":{"start":{"line":116,"column":0},"end":{"line":116,"column":24}},"116":{"start":{"line":117,"column":0},"end":{"line":117,"column":27}},"117":{"start":{"line":118,"column":0},"end":{"line":118,"column":1}},"118":{"start":{"line":119,"column":0},"end":{"line":119,"column":0}},"119":{"start":{"line":120,"column":0},"end":{"line":120,"column":11}},"120":{"start":{"line":121,"column":0},"end":{"line":121,"column":18}},"121":{"start":{"line":122,"column":0},"end":{"line":122,"column":23}},"122":{"start":{"line":123,"column":0},"end":{"line":123,"column":20}},"123":{"start":{"line":124,"column":0},"end":{"line":124,"column":15}},"124":{"start":{"line":125,"column":0},"end":{"line":125,"column":4}},"125":{"start":{"line":126,"column":0},"end":{"line":126,"column":0}},"126":{"start":{"line":127,"column":0},"end":{"line":127,"column":72}}},"s":{"0":7,"1":7,"2":7,"3":7,"4":7,"5":7,"6":7,"7":7,"8":7,"9":7,"10":7,"11":7,"12":7,"13":1,"14":1,"15":1,"16":1,"17":1,"18":7,"19":7,"20":7,"21":7,"22":7,"23":7,"24":7,"25":7,"26":7,"27":1,"28":1,"29":3,"30":3,"31":3,"32":3,"33":3,"34":3,"35":3,"36":3,"37":3,"38":3,"39":3,"40":3,"41":3,"42":3,"43":3,"44":3,"45":3,"46":3,"47":3,"48":3,"49":1,"50":1,"51":1,"52":0,"53":0,"54":0,"55":1,"56":0,"57":0,"58":0,"59":1,"60":1,"61":1,"62":0,"63":1,"64":0,"65":0,"66":0,"67":1,"68":0,"69":0,"70":0,"71":1,"72":0,"73":0,"74":0,"75":1,"76":0,"77":0,"78":0,"79":1,"80":0,"81":0,"82":0,"83":1,"84":0,"85":0,"86":0,"87":1,"88":0,"89":0,"90":0,"91":1,"92":1,"93":1,"94":3,"95":0,"96":0,"97":3,"98":0,"99":0,"100":3,"101":3,"102":3,"103":3,"104":3,"105":3,"106":3,"107":3,"108":3,"109":1,"110":0,"111":0,"112":0,"113":0,"114":1,"115":1,"116":1,"117":1,"118":1,"119":1,"120":1,"121":1,"122":1,"123":1,"124":1,"125":1,"126":1},"branchMap":{"0":{"type":"branch","line":1,"loc":{"start":{"line":1,"column":0},"end":{"line":127,"column":72}},"locations":[{"start":{"line":1,"column":0},"end":{"line":127,"column":72}}]},"1":{"type":"branch","line":1,"loc":{"start":{"line":1,"column":0},"end":{"line":127,"column":72}},"locations":[{"start":{"line":1,"column":0},"end":{"line":127,"column":72}}]},"2":{"type":"branch","line":1,"loc":{"start":{"line":1,"column":0},"end":{"line":27,"column":1}},"locations":[{"start":{"line":1,"column":0},"end":{"line":27,"column":1}}]},"3":{"type":"branch","line":8,"loc":{"start":{"line":8,"column":24},"end":{"line":8,"column":38}},"locations":[{"start":{"line":8,"column":24},"end":{"line":8,"column":38}}]},"4":{"type":"branch","line":9,"loc":{"start":{"line":9,"column":26},"end":{"line":9,"column":42}},"locations":[{"start":{"line":9,"column":26},"end":{"line":9,"column":42}}]},"5":{"type":"branch","line":10,"loc":{"start":{"line":10,"column":22},"end":{"line":10,"column":39}},"locations":[{"start":{"line":10,"column":22},"end":{"line":10,"column":39}}]},"6":{"type":"branch","line":12,"loc":{"start":{"line":12,"column":16},"end":{"line":12,"column":32}},"locations":[{"start":{"line":12,"column":16},"end":{"line":12,"column":32}}]},"7":{"type":"branch","line":13,"loc":{"start":{"line":13,"column":17},"end":{"line":18,"column":5}},"locations":[{"start":{"line":13,"column":17},"end":{"line":18,"column":5}}]},"8":{"type":"branch","line":30,"loc":{"start":{"line":30,"column":0},"end":{"line":109,"column":1}},"locations":[{"start":{"line":30,"column":0},"end":{"line":109,"column":1}}]},"9":{"type":"branch","line":46,"loc":{"start":{"line":46,"column":30},"end":{"line":46,"column":50}},"locations":[{"start":{"line":46,"column":30},"end":{"line":46,"column":50}}]},"10":{"type":"branch","line":47,"loc":{"start":{"line":47,"column":21},"end":{"line":47,"column":32}},"locations":[{"start":{"line":47,"column":21},"end":{"line":47,"column":32}}]},"11":{"type":"branch","line":49,"loc":{"start":{"line":49,"column":22},"end":{"line":94,"column":5}},"locations":[{"start":{"line":49,"column":22},"end":{"line":94,"column":5}}]},"12":{"type":"branch","line":52,"loc":{"start":{"line":52,"column":12},"end":{"line":55,"column":22}},"locations":[{"start":{"line":52,"column":12},"end":{"line":55,"column":22}}]},"13":{"type":"branch","line":56,"loc":{"start":{"line":56,"column":12},"end":{"line":59,"column":22}},"locations":[{"start":{"line":56,"column":12},"end":{"line":59,"column":22}}]},"14":{"type":"branch","line":63,"loc":{"start":{"line":63,"column":-1},"end":{"line":63,"column":22}},"locations":[{"start":{"line":63,"column":-1},"end":{"line":63,"column":22}}]},"15":{"type":"branch","line":64,"loc":{"start":{"line":64,"column":12},"end":{"line":67,"column":22}},"locations":[{"start":{"line":64,"column":12},"end":{"line":67,"column":22}}]},"16":{"type":"branch","line":68,"loc":{"start":{"line":68,"column":12},"end":{"line":71,"column":22}},"locations":[{"start":{"line":68,"column":12},"end":{"line":71,"column":22}}]},"17":{"type":"branch","line":72,"loc":{"start":{"line":72,"column":12},"end":{"line":75,"column":22}},"locations":[{"start":{"line":72,"column":12},"end":{"line":75,"column":22}}]},"18":{"type":"branch","line":76,"loc":{"start":{"line":76,"column":12},"end":{"line":79,"column":22}},"locations":[{"start":{"line":76,"column":12},"end":{"line":79,"column":22}}]},"19":{"type":"branch","line":80,"loc":{"start":{"line":80,"column":12},"end":{"line":83,"column":22}},"locations":[{"start":{"line":80,"column":12},"end":{"line":83,"column":22}}]},"20":{"type":"branch","line":84,"loc":{"start":{"line":84,"column":12},"end":{"line":87,"column":22}},"locations":[{"start":{"line":84,"column":12},"end":{"line":87,"column":22}}]},"21":{"type":"branch","line":88,"loc":{"start":{"line":88,"column":12},"end":{"line":91,"column":22}},"locations":[{"start":{"line":88,"column":12},"end":{"line":91,"column":22}}]},"22":{"type":"branch","line":116,"loc":{"start":{"line":116,"column":0},"end":{"line":118,"column":1}},"locations":[{"start":{"line":116,"column":0},"end":{"line":118,"column":1}}]}},"b":{"0":[1],"1":[1],"2":[7],"3":[2],"4":[1],"5":[2],"6":[1],"7":[1],"8":[3],"9":[1],"10":[3],"11":[1],"12":[0],"13":[0],"14":[0],"15":[0],"16":[0],"17":[0],"18":[0],"19":[0],"20":[0],"21":[0],"22":[1]},"fnMap":{"0":{"name":"Object.<anonymous>","decl":{"start":{"line":1,"column":0},"end":{"line":127,"column":72}},"loc":{"start":{"line":1,"column":0},"end":{"line":127,"column":72}},"line":1},"1":{"name":"createShip","decl":{"start":{"line":1,"column":0},"end":{"line":27,"column":1}},"loc":{"start":{"line":1,"column":0},"end":{"line":27,"column":1}},"line":1},"2":{"name":"getTimesHit","decl":{"start":{"line":8,"column":24},"end":{"line":8,"column":38}},"loc":{"start":{"line":8,"column":24},"end":{"line":8,"column":38}},"line":8},"3":{"name":"getShipLength","decl":{"start":{"line":9,"column":26},"end":{"line":9,"column":42}},"loc":{"start":{"line":9,"column":26},"end":{"line":9,"column":42}},"line":9},"4":{"name":"getIfSunk","decl":{"start":{"line":10,"column":22},"end":{"line":10,"column":39}},"loc":{"start":{"line":10,"column":22},"end":{"line":10,"column":39}},"line":10},"5":{"name":"hit","decl":{"start":{"line":12,"column":16},"end":{"line":12,"column":32}},"loc":{"start":{"line":12,"column":16},"end":{"line":12,"column":32}},"line":12},"6":{"name":"sink","decl":{"start":{"line":13,"column":17},"end":{"line":18,"column":5}},"loc":{"start":{"line":13,"column":17},"end":{"line":18,"column":5}},"line":13},"7":{"name":"createGameboard","decl":{"start":{"line":30,"column":0},"end":{"line":109,"column":1}},"loc":{"start":{"line":30,"column":0},"end":{"line":109,"column":1}},"line":30},"8":{"name":"getGameboardOwner","decl":{"start":{"line":46,"column":30},"end":{"line":46,"column":50}},"loc":{"start":{"line":46,"column":30},"end":{"line":46,"column":50}},"line":46},"9":{"name":"getBoard","decl":{"start":{"line":47,"column":21},"end":{"line":47,"column":32}},"loc":{"start":{"line":47,"column":21},"end":{"line":47,"column":32}},"line":47},"10":{"name":"placeShip","decl":{"start":{"line":49,"column":22},"end":{"line":94,"column":5}},"loc":{"start":{"line":49,"column":22},"end":{"line":94,"column":5}},"line":49},"11":{"name":"receiveAttack","decl":{"start":{"line":95,"column":26},"end":{"line":97,"column":5}},"loc":{"start":{"line":95,"column":26},"end":{"line":97,"column":5}},"line":95},"12":{"name":"checkGameOver","decl":{"start":{"line":98,"column":26},"end":{"line":100,"column":5}},"loc":{"start":{"line":98,"column":26},"end":{"line":100,"column":5}},"line":98},"13":{"name":"createPlayer","decl":{"start":{"line":111,"column":0},"end":{"line":114,"column":1}},"loc":{"start":{"line":111,"column":0},"end":{"line":114,"column":1}},"line":111},"14":{"name":"greeting","decl":{"start":{"line":116,"column":0},"end":{"line":118,"column":1}},"loc":{"start":{"line":116,"column":0},"end":{"line":118,"column":1}},"line":116}},"f":{"0":1,"1":7,"2":2,"3":1,"4":2,"5":1,"6":1,"7":3,"8":1,"9":3,"10":1,"11":0,"12":0,"13":0,"14":1}}
,"/home/amm/repos/Battleship/main.js": {"path":"/home/amm/repos/Battleship/main.js","all":false,"statementMap":{"0":{"start":{"line":1,"column":0},"end":{"line":1,"column":10}},"1":{"start":{"line":2,"column":0},"end":{"line":2,"column":18}},"2":{"start":{"line":3,"column":0},"end":{"line":3,"column":23}},"3":{"start":{"line":4,"column":0},"end":{"line":4,"column":19}},"4":{"start":{"line":5,"column":0},"end":{"line":5,"column":12}},"5":{"start":{"line":6,"column":0},"end":{"line":6,"column":21}},"6":{"start":{"line":7,"column":0},"end":{"line":7,"column":2}},"7":{"start":{"line":8,"column":0},"end":{"line":8,"column":40}},"8":{"start":{"line":9,"column":0},"end":{"line":9,"column":0}},"9":{"start":{"line":10,"column":0},"end":{"line":10,"column":40}}},"s":{"0":1,"1":1,"2":1,"3":1,"4":1,"5":1,"6":1,"7":1,"8":1,"9":1},"branchMap":{"0":{"type":"branch","line":1,"loc":{"start":{"line":1,"column":0},"end":{"line":10,"column":40}},"locations":[{"start":{"line":1,"column":0},"end":{"line":10,"column":40}}]},"1":{"type":"branch","line":1,"loc":{"start":{"line":1,"column":0},"end":{"line":10,"column":40}},"locations":[{"start":{"line":1,"column":0},"end":{"line":10,"column":40}}]}},"b":{"0":[1],"1":[1]},"fnMap":{"0":{"name":"Object.<anonymous>","decl":{"start":{"line":1,"column":0},"end":{"line":10,"column":40}},"loc":{"start":{"line":1,"column":0},"end":{"line":10,"column":40}},"line":1}},"f":{"0":1}}
}
