TN:
SF:factories.js
FN:1,Object.<anonymous>
FN:1,createShip
FN:5,createGameboard
FN:9,createPlayer
FN:14,greeting
FNF:5
FNH:3
FNDA:1,Object.<anonymous>
FNDA:0,createShip
FNDA:0,createGameboard
FNDA:1,createPlayer
FNDA:1,greeting
DA:1,0
DA:2,0
DA:3,0
DA:4,1
DA:5,0
DA:6,0
DA:7,0
DA:8,1
DA:9,1
DA:10,1
DA:11,1
DA:12,1
DA:13,1
DA:14,1
DA:15,1
DA:16,1
DA:17,1
DA:18,1
DA:19,1
DA:20,1
DA:21,1
DA:22,1
DA:23,1
DA:24,1
DA:25,1
LF:25
LH:19
BRDA:1,0,0,1
BRDA:1,1,0,1
BRDA:9,2,0,1
BRDA:14,3,0,1
BRF:4
BRH:4
end_of_record
