TN:
SF:dom.js
FNF:0
FNH:0
DA:1,1
LF:1
LH:1
BRF:0
BRH:0
end_of_record
TN:
SF:factories.js
FN:1,Object.<anonymous>
FN:1,createShip
FN:8,getTimesHit
FN:9,getShipLength
FN:10,getIfSunk
FN:12,hit
FN:13,sink
FN:29,createGameboard
FN:47,getShips
FN:49,getGameboardOwner
FN:50,getBoard
FN:52,placeShip
FN:57,receiveAttack
FN:70,checkGameOver
FN:102,createPlayer
FN:107,greeting
FNF:16
FNH:15
FNDA:1,Object.<anonymous>
FNDA:11,createShip
FNDA:5,getTimesHit
FNDA:1,getShipLength
FNDA:4,getIfSunk
FNDA:5,hit
FNDA:2,sink
FNDA:7,createGameboard
FNDA:5,getShips
FNDA:1,getGameboardOwner
FNDA:506,getBoard
FNDA:5,placeShip
FNDA:1,receiveAttack
FNDA:3,checkGameOver
FNDA:0,createPlayer
FNDA:1,greeting
DA:1,11
DA:2,11
DA:3,11
DA:4,11
DA:5,11
DA:6,11
DA:7,11
DA:8,11
DA:9,11
DA:10,11
DA:11,11
DA:12,11
DA:13,11
DA:14,2
DA:15,2
DA:16,2
DA:17,2
DA:18,11
DA:19,11
DA:20,11
DA:21,11
DA:22,11
DA:23,11
DA:24,11
DA:25,11
DA:26,11
DA:27,1
DA:28,1
DA:29,7
DA:30,7
DA:31,7
DA:32,7
DA:33,7
DA:34,7
DA:35,7
DA:36,7
DA:37,7
DA:38,7
DA:39,7
DA:40,7
DA:41,7
DA:42,7
DA:43,7
DA:44,7
DA:45,7
DA:46,7
DA:47,7
DA:48,7
DA:49,7
DA:50,7
DA:51,7
DA:52,7
DA:53,5
DA:54,5
DA:55,5
DA:56,5
DA:57,7
DA:58,1
DA:59,1
DA:60,1
DA:61,1
DA:62,1
DA:63,1
DA:64,1
DA:65,1
DA:66,1
DA:67,1
DA:68,1
DA:69,1
DA:70,7
DA:71,3
DA:72,3
DA:73,23
DA:74,224
DA:75,1
DA:76,1
DA:77,23
DA:78,2
DA:79,2
DA:80,2
DA:81,2
DA:82,2
DA:83,2
DA:84,2
DA:85,2
DA:86,2
DA:87,2
DA:88,2
DA:89,3
DA:90,7
DA:91,7
DA:92,7
DA:93,7
DA:94,7
DA:95,7
DA:96,7
DA:97,7
DA:98,7
DA:99,7
DA:100,7
DA:101,1
DA:102,0
DA:103,0
DA:104,0
DA:105,0
DA:106,1
DA:107,1
DA:108,1
DA:109,1
DA:110,1
DA:111,1
DA:112,1
DA:113,1
DA:114,1
DA:115,1
DA:116,1
DA:117,1
DA:118,1
LF:118
LH:114
BRDA:1,0,0,1
BRDA:1,1,0,1
BRDA:1,2,0,11
BRDA:8,3,0,5
BRDA:9,4,0,1
BRDA:10,5,0,4
BRDA:12,6,0,5
BRDA:13,7,0,2
BRDA:29,8,0,7
BRDA:47,9,0,5
BRDA:49,10,0,1
BRDA:50,11,0,506
BRDA:52,12,0,5
BRDA:57,13,0,1
BRDA:70,14,0,3
BRDA:72,15,0,23
BRDA:73,16,0,224
BRDA:74,17,0,1
BRDA:77,18,0,22
BRDA:78,19,0,2
BRDA:107,20,0,1
BRF:21
BRH:21
end_of_record
TN:
SF:main.js
FN:1,Object.<anonymous>
FNF:1
FNH:1
FNDA:1,Object.<anonymous>
DA:1,1
DA:2,1
DA:3,1
DA:4,1
DA:5,1
DA:6,1
DA:7,1
DA:8,1
DA:9,1
DA:10,1
LF:10
LH:10
BRDA:1,0,0,1
BRDA:1,1,0,1
BRF:2
BRH:2
end_of_record
